<?xml version="1.0" encoding="UTF-8"?>
<testsuite xmlns:xsi="http://www.w3.org/2001/XMLSchema-instance" xsi:noNamespaceSchemaLocation="https://maven.apache.org/surefire/maven-surefire-plugin/xsd/surefire-test-report.xsd" name="sudoku.GrilleImplTest" time="0.238" tests="6" errors="5" skipped="0" failures="1">
  <properties>
[...]
</properties>
  <testcase name="testGetValue" classname="sudoku.GrilleImplTest" time="0.006">
    <error type="java.lang.NullPointerException">java.lang.NullPointerException
	at sudoku.GrilleImplTest.testGetValue(GrilleImplTest.java:77)
</error>
    <system-out><![CDATA[getValue
]]></system-out>
  </testcase>
  <testcase name="testMain" classname="sudoku.GrilleImplTest" time="0.19">
    <failure message="The test case is a prototype." type="java.lang.AssertionError">java.lang.AssertionError: The test case is a prototype.
	at sudoku.GrilleImplTest.testMain(GrilleImplTest.java:35)
</failure>
    <system-out><![CDATA[main
true
]]></system-out>
  </testcase>
  <testcase name="testGetDimension" classname="sudoku.GrilleImplTest" time="0">
    <error type="java.lang.NullPointerException">java.lang.NullPointerException
	at sudoku.GrilleImplTest.testGetDimension(GrilleImplTest.java:46)
</error>
    <system-out><![CDATA[getDimension
]]></system-out>
  </testcase>
  <testcase name="testComplete" classname="sudoku.GrilleImplTest" time="0.001">
    <error type="java.lang.NullPointerException">java.lang.NullPointerException
	at sudoku.GrilleImplTest.testComplete(GrilleImplTest.java:91)
</error>
    <system-out><![CDATA[complete
]]></system-out>
  </testcase>
  <testcase name="testPossible" classname="sudoku.GrilleImplTest" time="0.001">
    <error type="java.lang.NullPointerException">java.lang.NullPointerException
	at sudoku.GrilleImplTest.testPossible(GrilleImplTest.java:109)
</error>
    <system-out><![CDATA[possible
]]></system-out>
  </testcase>
  <testcase name="testSetValue" classname="sudoku.GrilleImplTest" time="0">
    <error type="java.lang.NullPointerException">java.lang.NullPointerException
	at sudoku.GrilleImplTest.testSetValue(GrilleImplTest.java:62)
</error>
    <system-out><![CDATA[setValue
]]></system-out>
  </testcase>
</testsuite>